<?xml version="1.0" encoding="UTF-8"?>
<testsuite name="com.herokuapp.bookmemo4444.repository.MemoDaoImplTest" tests="13" skipped="0" failures="0" errors="0" timestamp="2021-06-08T13:18:30" hostname="AR44" time="0.007">
  <properties/>
  <testcase name="testMemoDaoImpl()" classname="com.herokuapp.bookmemo4444.repository.MemoDaoImplTest" time="0.001"/>
  <testcase name="testGetCategoryCount()" classname="com.herokuapp.bookmemo4444.repository.MemoDaoImplTest" time="0.0"/>
  <testcase name="testGetAllCategory()" classname="com.herokuapp.bookmemo4444.repository.MemoDaoImplTest" time="0.001"/>
  <testcase name="testGetMemoCount()" classname="com.herokuapp.bookmemo4444.repository.MemoDaoImplTest" time="0.001"/>
  <testcase name="testUpdateMemo()" classname="com.herokuapp.bookmemo4444.repository.MemoDaoImplTest" time="0.0"/>
  <testcase name="testSearchByTitle()" classname="com.herokuapp.bookmemo4444.repository.MemoDaoImplTest" time="0.001"/>
  <testcase name="testSearchByCategory()" classname="com.herokuapp.bookmemo4444.repository.MemoDaoImplTest" time="0.0"/>
  <testcase name="testGetTitleCount()" classname="com.herokuapp.bookmemo4444.repository.MemoDaoImplTest" time="0.001"/>
  <testcase name="testFindById()" classname="com.herokuapp.bookmemo4444.repository.MemoDaoImplTest" time="0.0"/>
  <testcase name="testInsertMemo()" classname="com.herokuapp.bookmemo4444.repository.MemoDaoImplTest" time="0.001"/>
  <testcase name="testGetMemoList()" classname="com.herokuapp.bookmemo4444.repository.MemoDaoImplTest" time="0.0"/>
  <testcase name="testDeleteMemo()" classname="com.herokuapp.bookmemo4444.repository.MemoDaoImplTest" time="0.001"/>
  <testcase name="testGetAll()" classname="com.herokuapp.bookmemo4444.repository.MemoDaoImplTest" time="0.0"/>
  <system-out><![CDATA[]]></system-out>
  <system-err><![CDATA[]]></system-err>
</testsuite>
