<?xml version="1.0" encoding="UTF-8"?>
<testsuite name="com.herokuapp.bookmemo4444.memo.MemoControllerTest" tests="10" skipped="0" failures="0" errors="0" timestamp="2021-06-08T12:14:10" hostname="AR44" time="0.022">
  <properties/>
  <testcase name="testGetMemoDetailsPage()" classname="com.herokuapp.bookmemo4444.memo.MemoControllerTest" time="0.017"/>
  <testcase name="testGetCategoryMemoListPage()" classname="com.herokuapp.bookmemo4444.memo.MemoControllerTest" time="0.0"/>
  <testcase name="testGetTitleMemoListPage()" classname="com.herokuapp.bookmemo4444.memo.MemoControllerTest" time="0.001"/>
  <testcase name="testPutMemoUpdatePage()" classname="com.herokuapp.bookmemo4444.memo.MemoControllerTest" time="0.0"/>
  <testcase name="testGetMemoListPage()" classname="com.herokuapp.bookmemo4444.memo.MemoControllerTest" time="0.001"/>
  <testcase name="testPostTitleListPage()" classname="com.herokuapp.bookmemo4444.memo.MemoControllerTest" time="0.0"/>
  <testcase name="testDeleteMemo()" classname="com.herokuapp.bookmemo4444.memo.MemoControllerTest" time="0.001"/>
  <testcase name="testPostMemoCreatePage()" classname="com.herokuapp.bookmemo4444.memo.MemoControllerTest" time="0.0"/>
  <testcase name="testGetMemoCreatePage()" classname="com.herokuapp.bookmemo4444.memo.MemoControllerTest" time="0.0"/>
  <testcase name="testMemoController()" classname="com.herokuapp.bookmemo4444.memo.MemoControllerTest" time="0.0"/>
  <system-out><![CDATA[]]></system-out>
  <system-err><![CDATA[]]></system-err>
</testsuite>
