<?xml version="1.0" encoding="UTF-8"?>
<testsuite name="com.herokuapp.bookmemo4444.user.UserControllerTest" tests="10" skipped="0" failures="0" errors="0" timestamp="2021-06-08T13:18:31" hostname="AR44" time="0.005">
  <properties/>
  <testcase name="testPostLogin()" classname="com.herokuapp.bookmemo4444.user.UserControllerTest" time="0.0"/>
  <testcase name="testGetTopPage()" classname="com.herokuapp.bookmemo4444.user.UserControllerTest" time="0.0"/>
  <testcase name="testGetLoginPage()" classname="com.herokuapp.bookmemo4444.user.UserControllerTest" time="0.0"/>
  <testcase name="testPostProfile()" classname="com.herokuapp.bookmemo4444.user.UserControllerTest" time="0.0"/>
  <testcase name="testGetProfile()" classname="com.herokuapp.bookmemo4444.user.UserControllerTest" time="0.0"/>
  <testcase name="testUserController()" classname="com.herokuapp.bookmemo4444.user.UserControllerTest" time="0.001"/>
  <testcase name="testPostSignup()" classname="com.herokuapp.bookmemo4444.user.UserControllerTest" time="0.0"/>
  <testcase name="testDeleteUser()" classname="com.herokuapp.bookmemo4444.user.UserControllerTest" time="0.001"/>
  <testcase name="testGetSignupPage()" classname="com.herokuapp.bookmemo4444.user.UserControllerTest" time="0.0"/>
  <testcase name="testGetLogout()" classname="com.herokuapp.bookmemo4444.user.UserControllerTest" time="0.001"/>
  <system-out><![CDATA[]]></system-out>
  <system-err><![CDATA[]]></system-err>
</testsuite>
