<?xml version="1.0" encoding="UTF-8"?>
<testsuite name="com.herokuapp.bookmemo4444.service.UserServiceImplTest" tests="8" skipped="0" failures="0" errors="0" timestamp="2021-06-10T05:06:00" hostname="AR44" time="0.005">
  <properties/>
  <testcase name="testFindByEmailAndPass()" classname="com.herokuapp.bookmemo4444.service.UserServiceImplTest" time="0.0"/>
  <testcase name="testUserServiceImpl()" classname="com.herokuapp.bookmemo4444.service.UserServiceImplTest" time="0.0"/>
  <testcase name="testFindById()" classname="com.herokuapp.bookmemo4444.service.UserServiceImplTest" time="0.0"/>
  <testcase name="testDelete()" classname="com.herokuapp.bookmemo4444.service.UserServiceImplTest" time="0.0"/>
  <testcase name="testGetAll()" classname="com.herokuapp.bookmemo4444.service.UserServiceImplTest" time="0.0"/>
  <testcase name="testInsert()" classname="com.herokuapp.bookmemo4444.service.UserServiceImplTest" time="0.002"/>
  <testcase name="testFindBySessionId()" classname="com.herokuapp.bookmemo4444.service.UserServiceImplTest" time="0.0"/>
  <testcase name="testUpdate()" classname="com.herokuapp.bookmemo4444.service.UserServiceImplTest" time="0.0"/>
  <system-out><![CDATA[]]></system-out>
  <system-err><![CDATA[]]></system-err>
</testsuite>
